<?xml version="1.0" encoding="UTF-8"?>
<!-- Generated by org.testng.reporters.JUnitReportReporter -->
<testsuite hostname="Rudra-Heart" failures="0" tests="1" name="com.selenium.tests.CompanySettingsTests" time="4.428" errors="0" timestamp="2023-07-31T13:33:39 IST" skipped="0">
  <testcase classname="com.selenium.tests.CompanySettingsTests" name="UpdateBrokerInfo" time="4.428"/>
  <system-out/>
</testsuite> <!-- com.selenium.tests.CompanySettingsTests -->
